[2025-11-21T12:48:49.504Z] ADMIN "Elijah" (ID: 69205f703f7c33e1df0c84f3) accessed GET /
[2025-11-21T12:48:50.823Z] ADMIN "Elijah" (ID: 69205f703f7c33e1df0c84f3) accessed GET /admin-users
[2025-11-21T12:48:50.958Z] ADMIN "Elijah" (ID: 69205f703f7c33e1df0c84f3) accessed GET /api/users/get-users
[2025-11-21T12:48:50.974Z] ADMIN "Elijah" (ID: 69205f703f7c33e1df0c84f3) accessed GET /api/users/partial/admin/search-item/69205f703f7c33e1df0c84f3
[2025-11-21T12:48:51.017Z] ADMIN "Elijah" (ID: 69205f703f7c33e1df0c84f3) accessed GET /api/users/partial/user-details-modal/69205f703f7c33e1df0c84f3
[2025-11-21T12:48:51.050Z] ADMIN "Elijah" (ID: 69205f703f7c33e1df0c84f3) accessed GET /api/bookings/user-bookings?userId=69205f703f7c33e1df0c84f3
[2025-11-21T12:48:54.650Z] ADMIN "Elijah" (ID: 69205f703f7c33e1df0c84f3) accessed GET /admin-flights
[2025-11-21T12:48:54.835Z] ADMIN "Elijah" (ID: 69205f703f7c33e1df0c84f3) accessed GET /api/flights/partial/create-flight-modal
[2025-11-21T12:48:54.967Z] ADMIN "Elijah" (ID: 69205f703f7c33e1df0c84f3) accessed GET /api/flights/get-all
[2025-11-21T12:52:10.083Z] ADMIN "Elijah" (ID: 69205f703f7c33e1df0c84f3) accessed GET /admin-flights
[2025-11-21T12:52:10.297Z] ADMIN "Elijah" (ID: 69205f703f7c33e1df0c84f3) accessed GET /api/flights/partial/create-flight-modal
[2025-11-21T12:52:10.300Z] ADMIN "Elijah" (ID: 69205f703f7c33e1df0c84f3) accessed GET /api/flights/get-all
[2025-11-21T12:55:03.151Z] ADMIN "Elijah" (ID: 69205f703f7c33e1df0c84f3) accessed GET /admin-flights
[2025-11-21T12:55:03.268Z] ADMIN "Elijah" (ID: 69205f703f7c33e1df0c84f3) accessed GET /api/flights/get-all
[2025-11-21T12:55:03.269Z] ADMIN "Elijah" (ID: 69205f703f7c33e1df0c84f3) accessed GET /api/flights/partial/create-flight-modal
[2025-11-21T12:55:33.714Z] ADMIN "Elijah" (ID: 69205f703f7c33e1df0c84f3) accessed POST /api/flights/admin/create-flight
[2025-11-21T12:55:33.875Z] ADMIN "Elijah" (ID: 69205f703f7c33e1df0c84f3) accessed GET /admin-flights
[2025-11-21T12:55:33.972Z] ADMIN "Elijah" (ID: 69205f703f7c33e1df0c84f3) accessed GET /api/flights/partial/create-flight-modal
[2025-11-21T12:55:33.975Z] ADMIN "Elijah" (ID: 69205f703f7c33e1df0c84f3) accessed GET /api/flights/get-all
[2025-11-21T12:55:33.994Z] ADMIN "Elijah" (ID: 69205f703f7c33e1df0c84f3) accessed GET /api/flights/partial/flight-display/69206145120c3ddb49b6fe41?management=true
[2025-11-21T12:55:38.099Z] ADMIN "Elijah" (ID: 69205f703f7c33e1df0c84f3) accessed POST /api/flights/admin/cancel-flight/69206145120c3ddb49b6fe41
[2025-11-21T12:55:38.175Z] ADMIN "Elijah" (ID: 69205f703f7c33e1df0c84f3) accessed GET /admin-flights
[2025-11-21T12:55:38.284Z] ADMIN "Elijah" (ID: 69205f703f7c33e1df0c84f3) accessed GET /api/flights/partial/create-flight-modal
[2025-11-21T12:55:38.294Z] ADMIN "Elijah" (ID: 69205f703f7c33e1df0c84f3) accessed GET /api/flights/get-all
[2025-11-21T12:55:38.329Z] ADMIN "Elijah" (ID: 69205f703f7c33e1df0c84f3) accessed GET /api/flights/partial/flight-display/69206145120c3ddb49b6fe41?management=true
[2025-11-21T12:55:43.281Z] ADMIN "Elijah" (ID: 69205f703f7c33e1df0c84f3) accessed GET /flight-search
[2025-11-21T12:55:43.349Z] ADMIN "Elijah" (ID: 69205f703f7c33e1df0c84f3) accessed GET /api/flights/get-all?scheduled=true
[2025-11-21T12:55:44.687Z] ADMIN "Elijah" (ID: 69205f703f7c33e1df0c84f3) accessed GET /admin-flights
[2025-11-21T12:55:44.772Z] ADMIN "Elijah" (ID: 69205f703f7c33e1df0c84f3) accessed GET /api/flights/partial/create-flight-modal
[2025-11-21T12:55:44.779Z] ADMIN "Elijah" (ID: 69205f703f7c33e1df0c84f3) accessed GET /api/flights/get-all
[2025-11-21T12:55:44.794Z] ADMIN "Elijah" (ID: 69205f703f7c33e1df0c84f3) accessed GET /api/flights/partial/flight-display/69206145120c3ddb49b6fe41?management=true
[2025-11-21T12:55:48.380Z] ADMIN "Elijah" (ID: 69205f703f7c33e1df0c84f3) accessed POST /api/flights/admin/update-flight/69206145120c3ddb49b6fe41
[2025-11-21T12:56:19.653Z] ADMIN "Elijah" (ID: 69205f703f7c33e1df0c84f3) accessed POST /api/flights/admin/create-flight
[2025-11-21T12:56:19.735Z] ADMIN "Elijah" (ID: 69205f703f7c33e1df0c84f3) accessed GET /admin-flights
[2025-11-21T12:56:19.820Z] ADMIN "Elijah" (ID: 69205f703f7c33e1df0c84f3) accessed GET /api/flights/partial/create-flight-modal
[2025-11-21T12:56:19.823Z] ADMIN "Elijah" (ID: 69205f703f7c33e1df0c84f3) accessed GET /api/flights/get-all
[2025-11-21T12:56:19.849Z] ADMIN "Elijah" (ID: 69205f703f7c33e1df0c84f3) accessed GET /api/flights/partial/flight-display/69206173120c3ddb49b705ef?management=true
[2025-11-21T12:56:19.956Z] ADMIN "Elijah" (ID: 69205f703f7c33e1df0c84f3) accessed GET /api/flights/partial/flight-display/69206145120c3ddb49b6fe41?management=true
[2025-11-21T12:56:21.537Z] ADMIN "Elijah" (ID: 69205f703f7c33e1df0c84f3) accessed GET /flight-search
[2025-11-21T12:56:21.603Z] ADMIN "Elijah" (ID: 69205f703f7c33e1df0c84f3) accessed GET /api/flights/get-all?scheduled=true
[2025-11-21T12:56:21.622Z] ADMIN "Elijah" (ID: 69205f703f7c33e1df0c84f3) accessed GET /api/flights/partial/flight-display/69206173120c3ddb49b705ef
[2025-11-21T12:56:21.694Z] ADMIN "Elijah" (ID: 69205f703f7c33e1df0c84f3) accessed GET /api/flights/partial/flight-display/69206173120c3ddb49b705ef
[2025-11-21T12:56:31.554Z] ADMIN "Elijah" (ID: 69205f703f7c33e1df0c84f3) accessed GET /api/auth/logout
